<?xml version="1.0" encoding="UTF-8"?>
<!-- Generated by org.testng.reporters.JUnitReportReporter -->
<testsuite hostname="Arunachelam" failures="0" tests="4" name="api.tests.UserEndpointsTestScripts" time="14.664" errors="0" timestamp="2024-06-25T22:46:52 IST" skipped="0">
  <testcase classname="api.tests.UserEndpointsTestScripts" name="CreateUserTest" time="6.373"/>
  <system-out/>
  <testcase classname="api.tests.UserEndpointsTestScripts" name="FetchUserTest" time="2.405"/>
  <system-out/>
  <testcase classname="api.tests.UserEndpointsTestScripts" name="UpdateUserTest" time="3.385"/>
  <system-out/>
  <testcase classname="api.tests.UserEndpointsTestScripts" name="DeleteUserTest" time="2.501"/>
  <system-out/>
</testsuite> <!-- api.tests.UserEndpointsTestScripts -->
