<?xml version="1.0" encoding="UTF-8"?>
<!-- Generated by org.testng.reporters.JUnitReportReporter -->
<testsuite hostname="Arunachelam" failures="0" tests="16" name="api.tests.DataDrivenTest" time="46.575" errors="0" timestamp="2024-06-25T22:46:52 IST" skipped="0">
  <testcase classname="api.tests.DataDrivenTest" name="testPostuser" time="2.493"/>
  <system-out/>
  <testcase classname="api.tests.DataDrivenTest" name="testPostuser" time="1.273"/>
  <system-out/>
  <testcase classname="api.tests.DataDrivenTest" name="testPostuser" time="2.754"/>
  <system-out/>
  <testcase classname="api.tests.DataDrivenTest" name="testPostuser" time="3.188"/>
  <system-out/>
  <testcase classname="api.tests.DataDrivenTest" name="getUserTest" time="1.964"/>
  <system-out/>
  <testcase classname="api.tests.DataDrivenTest" name="getUserTest" time="2.961"/>
  <system-out/>
  <testcase classname="api.tests.DataDrivenTest" name="getUserTest" time="1.289"/>
  <system-out/>
  <testcase classname="api.tests.DataDrivenTest" name="getUserTest" time="2.391"/>
  <system-out/>
  <testcase classname="api.tests.DataDrivenTest" name="updateUserTest" time="3.695"/>
  <system-out/>
  <testcase classname="api.tests.DataDrivenTest" name="updateUserTest" time="3.352"/>
  <system-out/>
  <testcase classname="api.tests.DataDrivenTest" name="updateUserTest" time="2.598"/>
  <system-out/>
  <testcase classname="api.tests.DataDrivenTest" name="updateUserTest" time="3.862"/>
  <system-out/>
  <testcase classname="api.tests.DataDrivenTest" name="deleteUserTest" time="3.432"/>
  <system-out/>
  <testcase classname="api.tests.DataDrivenTest" name="deleteUserTest" time="2.799"/>
  <system-out/>
  <testcase classname="api.tests.DataDrivenTest" name="deleteUserTest" time="3.705"/>
  <system-out/>
  <testcase classname="api.tests.DataDrivenTest" name="deleteUserTest" time="4.819"/>
  <system-out/>
</testsuite> <!-- api.tests.DataDrivenTest -->
